============================================================
  Generated by:           Genus(TM) Synthesis Solution 25.10-p002_1
  Generated on:           Apr 02 2026  04:27:20 pm
  Module:                 gaussian_filter
  Operating conditions:   PVT_1P1V_0C (balanced_tree)
  Wireload mode:          enclosed
  Area mode:              timing library
============================================================

Timing
--------

Clock Period 
-------------
clk   4000.0 


  Cost    Critical         Violating 
 Group   Path Slack  TNS     Paths   
-------------------------------------
clk          2000.0   0.0          0 
default    No paths   0.0            
-------------------------------------
Total                 0.0          0 

Instance Count
--------------
Leaf Instance Count             28665 
Physical Instance count             0 
Sequential Instance Count       15431 
Combinational Instance Count    13234 
Hierarchical Instance Count         0 

Area
----
Cell Area                          139514.112
Physical Cell Area                 0.000
Total Cell Area (Cell+Physical)    139514.112
Net Area                           0.000
Total Area (Cell+Physical+Net)     139514.112

Max Fanout                         15431 (clk)
Min Fanout                         0 (rst_n)
Average Fanout                     3.8
Terms to net ratio                 4.7847
Terms to instance ratio            4.7898
Runtime                            943.3854939999999 seconds
Elapsed Runtime                    1226 seconds
Genus peak memory usage            2498.30 
Innovus peak memory usage          no_value 
Hostname                           lnx60
