============================================================
  Generated by:           Genus(TM) Synthesis Solution 25.10-p002_1
  Generated on:           Mar 28 2026  02:46:21 pm
  Module:                 gaussian_filter
  Operating conditions:   PVT_0P9V_125C (balanced_tree)
  Wireload mode:          enclosed
  Area mode:              timing library
============================================================


Path 1: MET (1468 ps) Setup Check with Pin d2_reg[4]/CK->SI
          Group: clk
     Startpoint: (R) wr_ptr_reg[7]/CK
          Clock: (R) clk
       Endpoint: (F) d2_reg[4]/SI
          Clock: (R) clk

                     Capture       Launch     
        Clock Edge:+    4000            0     
       Src Latency:+       0            0     
       Net Latency:+       0 (I)        0 (I) 
           Arrival:=    4000            0     
                                              
             Setup:-     181                  
     Required Time:=    3819                  
      Launch Clock:-       0                  
         Data Path:-    2351                  
             Slack:=    1468                  

#-----------------------------------------------------------------------------------------
#  Timing Point    Flags   Arc   Edge   Cell     Fanout Load Trans Delay Arrival Instance 
#                                                       (fF)  (ps)  (ps)   (ps)  Location 
#-----------------------------------------------------------------------------------------
  wr_ptr_reg[7]/CK -       -     R     (arrival)  15431    -     0     0       0    (-,-) 
  wr_ptr_reg[7]/Q  -       CK->Q R     DFFHQX1       11  3.8    89   211     211    (-,-) 
  g81183/Y         -       A->Y  F     INVX1          6  1.9    72    89     300    (-,-) 
  g42188/Y         -       B->Y  R     NAND2XL        2  0.4    44    63     362    (-,-) 
  g42154/Y         -       A->Y  R     OR2X2         50 19.4   216   214     576    (-,-) 
  g42098/Y         -       A->Y  R     OR2X1         16  6.4   145   243     819    (-,-) 
  g40867__5526/Y   -       B->Y  F     NOR2X1        12  2.4   105   131     951    (-,-) 
  g85898/Y         -       A1->Y R     AOI22XL        1  0.2    68   121    1072    (-,-) 
  g82670/Y         -       A->Y  F     NAND4XL        1  0.4   218   234    1305    (-,-) 
  g81865/Y         -       A->Y  R     NOR4X1         1  0.2   107   233    1538    (-,-) 
  g81662/Y         -       B->Y  F     NAND4XL        1  0.2   179   221    1760    (-,-) 
  g81610/Y         -       B->Y  F     OR4X1          1  0.2    40   338    2097    (-,-) 
  g81598/Y         -       C->Y  F     OR4X1          1  0.2    40   254    2351    (-,-) 
  d2_reg[4]/SI     <<<     -     F     SDFFQX1        1    -     -     0    2351    (-,-) 
#-----------------------------------------------------------------------------------------

