============================================================
  Generated by:           Genus(TM) Synthesis Solution 25.10-p002_1
  Generated on:           Apr 02 2026  04:27:17 pm
  Module:                 gaussian_filter
  Technology libraries:   fast_vdd1v0 1.0
                          fast_vdd1v0_extvdd1v0 $Revision: 1.1 $
                          slow_vdd1v0_extvdd1v0 $Revision: 1.1 $
                          fast_vdd1v2_extvdd1v0 $Revision: 1.1 $
                          slow_vdd1v2_extvdd1v0 $Revision: 1.1 $
                          fast_vdd1v2_extvdd1v2 $Revision: 1.1 $
                          fast_vdd1v0_extvdd1v2 $Revision: 1.1 $
                          slow_vdd1v2_extvdd1v2 $Revision: 1.1 $
                          slow_vdd1v0_extvdd1v2 $Revision: 1.1 $
                          slow_vdd1v2 1.0
                          slow_vdd1v0 1.0
                          fast_vdd1v2 1.0
                          fast_vdd1v0_extvdd1v0_extvddb1v2 1.0
                          slow_vdd1v0_extvdd1v0_extvddb1v2 1.0
  Operating conditions:   PVT_1P1V_0C (balanced_tree)
  Wireload mode:          enclosed
  Area mode:              timing library
============================================================

    Instance    Module  Cell-Count  Cell-Area  Net-Area   Total-Area   Wireload  
---------------------------------------------------------------------------------
gaussian_filter NA           28665 139514.112     0.000   139514.112 <none> (D)  
  (D) = wireload is default in technology library
