============================================================
  Generated by:           Genus(TM) Synthesis Solution 25.10-p002_1
  Generated on:           Mar 28 2026  03:39:17 pm
  Module:                 gaussian_filter
  Operating conditions:   PVT_0P9V_125C (balanced_tree)
  Wireload mode:          enclosed
  Area mode:              timing library
============================================================


Path 1: MET (1459 ps) Setup Check with Pin d1_reg[3]/CK->SI
          Group: clk
     Startpoint: (R) wr_ptr_reg[7]/CK
          Clock: (R) clk
       Endpoint: (F) d1_reg[3]/SI
          Clock: (R) clk

                     Capture       Launch     
        Clock Edge:+    4000            0     
       Src Latency:+       0            0     
       Net Latency:+       0 (I)        0 (I) 
           Arrival:=    4000            0     
                                              
             Setup:-     207                  
     Required Time:=    3793                  
      Launch Clock:-       0                  
         Data Path:-    2334                  
             Slack:=    1459                  

#-----------------------------------------------------------------------------------------
#  Timing Point    Flags   Arc   Edge   Cell     Fanout Load Trans Delay Arrival Instance 
#                                                       (fF)  (ps)  (ps)   (ps)  Location 
#-----------------------------------------------------------------------------------------
  wr_ptr_reg[7]/CK -       -     R     (arrival)  15431    -     0     0       0    (-,-) 
  wr_ptr_reg[7]/Q  -       CK->Q R     DFFHQX1        8  2.8    68   200     200    (-,-) 
  g564551/Y        -       A->Y  F     INVX1          8  2.7    88    87     287    (-,-) 
  g564541/Y        -       B->Y  R     NAND2XL        4  0.8    55    80     367    (-,-) 
  g564497/Y        -       A->Y  R     OR2X2         50 19.6   218   221     588    (-,-) 
  g564384/Y        -       B->Y  R     OR2X1         16  6.4   144   231     820    (-,-) 
  g563543/Y        -       B->Y  F     NOR2X1        12  2.4   105   131     951    (-,-) 
  g561028/Y        -       A1->Y R     AOI22XL        1  0.2    68   121    1072    (-,-) 
  g553842/Y        -       A->Y  F     NAND4XL        1  0.4   218   234    1305    (-,-) 
  g552043__7410/Y  -       A->Y  R     NOR4X1         1  0.2   107   233    1538    (-,-) 
  g551594__1666/Y  -       A->Y  F     NAND4XL        1  0.2   179   230    1768    (-,-) 
  g551497__5122/Y  -       AN->Y F     NAND4BX1       1  0.3   162   266    2034    (-,-) 
  g551460__6260/Y  -       D->Y  R     NOR4X1         1  0.4   124   146    2181    (-,-) 
  g551445__1881/Y  -       A->Y  F     NAND3X1        1  0.2    95   153    2334    (-,-) 
  d1_reg[3]/SI     <<<     -     F     SDFFQX1        1    -     -     0    2334    (-,-) 
#-----------------------------------------------------------------------------------------

