============================================================
  Generated by:           Genus(TM) Synthesis Solution 25.10-p002_1
  Generated on:           Mar 28 2026  02:46:21 pm
  Module:                 gaussian_filter
  Operating conditions:   PVT_0P9V_125C (balanced_tree)
  Wireload mode:          enclosed
  Area mode:              timing library
============================================================

Timing
--------

Clock Period 
-------------
clk   4000.0 


  Cost    Critical         Violating 
 Group   Path Slack  TNS     Paths   
-------------------------------------
clk          1467.5   0.0          0 
default    No paths   0.0            
-------------------------------------
Total                 0.0          0 

Instance Count
--------------
Leaf Instance Count             28657 
Physical Instance count             0 
Sequential Instance Count       15431 
Combinational Instance Count    13226 
Hierarchical Instance Count         0 

Area
----
Cell Area                          140018.904
Physical Cell Area                 0.000
Total Cell Area (Cell+Physical)    140018.904
Net Area                           0.000
Total Area (Cell+Physical+Net)     140018.904

Max Fanout                         15431 (clk)
Min Fanout                         0 (rst_n)
Average Fanout                     3.8
Terms to net ratio                 4.7864
Terms to instance ratio            4.7916
Runtime                            958.999999 seconds
Elapsed Runtime                    1018 seconds
Genus peak memory usage            2567.68 
Innovus peak memory usage          no_value 
Hostname                           lnx60
